# JRE version: Java(TM) SE Runtime Environment (17.0.7+8) (build 17.0.7+8-LTS-224)
# Java VM: Java HotSpot(TM) 64-Bit Server VM (17.0.7+8-LTS-224, mixed mode, sharing, tiered, compressed oops, compressed class ptrs, g1 gc, bsd-amd64)
GC Precious Log:
 CPUs: 4 total, 4 available
 Memory: 8192M
 Large Page Support: Disabled
 NUMA Support: Disabled
 Compressed Oops: Enabled (Zero based)
 Heap Region Size: 1M
 Heap Min Capacity: 8M
 Heap Initial Capacity: 128M
 Heap Max Capacity: 2G
 Pre-touch: Disabled
 Parallel Workers: 4
 Concurrent Workers: 1
 Concurrent Refinement Workers: 4
 Periodic GC: Disabled
Heap:
 garbage-first heap   total 133120K, used 10038K [0x0000000780000000, 0x0000000800000000)
  region size 1024K, 8 young (8192K), 7 survivors (7168K)
 Metaspace       used 21373K, committed 21696K, reserved 1073152K
  class space    used 2831K, committed 3008K, reserved 1048576K
GC Heap History (6 events):
Event: 0.914 GC heap before
{Heap before GC invocations=0 (full 0):
 garbage-first heap   total 133120K, used 14292K [0x0000000780000000, 0x0000000800000000)
  region size 1024K, 13 young (13312K), 0 survivors (0K)
 Metaspace       used 1637K, committed 1728K, reserved 1056768K
  class space    used 171K, committed 192K, reserved 1048576K
}
Event: 0.920 GC heap after
{Heap after GC invocations=1 (full 0):
 garbage-first heap   total 133120K, used 2906K [0x0000000780000000, 0x0000000800000000)
  region size 1024K, 2 young (2048K), 2 survivors (2048K)
 Metaspace       used 1637K, committed 1728K, reserved 1056768K
  class space    used 171K, committed 192K, reserved 1048576K
}
Event: 3.715 GC heap before
{Heap before GC invocations=1 (full 0):
 garbage-first heap   total 133120K, used 26458K [0x0000000780000000, 0x0000000800000000)
  region size 1024K, 25 young (25600K), 2 survivors (2048K)
 Metaspace       used 8948K, committed 9152K, reserved 1064960K
  class space    used 1161K, committed 1216K, reserved 1048576K
}
Event: 3.743 GC heap after
{Heap after GC invocations=2 (full 0):
 garbage-first heap   total 133120K, used 6975K [0x0000000780000000, 0x0000000800000000)
  region size 1024K, 4 young (4096K), 4 survivors (4096K)
 Metaspace       used 8948K, committed 9152K, reserved 1064960K
  class space    used 1161K, committed 1216K, reserved 1048576K
}
Event: 7.428 GC heap before
{Heap before GC invocations=2 (full 0):
 garbage-first heap   total 133120K, used 37695K [0x0000000780000000, 0x0000000800000000)
  region size 1024K, 35 young (35840K), 4 survivors (4096K)
 Metaspace       used 21234K, committed 21504K, reserved 1073152K
  class space    used 2814K, committed 2944K, reserved 1048576K
}
Event: 7.439 GC heap after
{Heap after GC invocations=3 (full 0):
 garbage-first heap   total 133120K, used 10038K [0x0000000780000000, 0x0000000800000000)
  region size 1024K, 7 young (7168K), 7 survivors (7168K)
 Metaspace       used 21234K, committed 21504K, reserved 1073152K
  class space    used 2814K, committed 2944K, reserved 1048576K
}

