# JRE version: Java(TM) SE Runtime Environment (17.0.7+8) (build 17.0.7+8-LTS-224)
# Java VM: Java HotSpot(TM) 64-Bit Server VM (17.0.7+8-LTS-224, mixed mode, sharing, tiered, compressed oops, compressed class ptrs, g1 gc, bsd-amd64)
GC Precious Log:
 CPUs: 4 total, 4 available
 Memory: 8192M
 Large Page Support: Disabled
 NUMA Support: Disabled
 Compressed Oops: Enabled (Zero based)
 Heap Region Size: 1M
 Heap Min Capacity: 8M
 Heap Initial Capacity: 128M
 Heap Max Capacity: 2G
 Pre-touch: Disabled
 Parallel Workers: 4
 Concurrent Workers: 1
 Concurrent Refinement Workers: 4
 Periodic GC: Disabled
Heap:
 garbage-first heap   total 40960K, used 25341K [0x0000000780000000, 0x0000000800000000)
  region size 1024K, 6 young (6144K), 1 survivors (1024K)
 Metaspace       used 33205K, committed 33536K, reserved 1081344K
  class space    used 4854K, committed 4992K, reserved 1048576K
GC Heap History (16 events):
Event: 0.557 GC heap before
{Heap before GC invocations=0 (full 0):
 garbage-first heap   total 133120K, used 14292K [0x0000000780000000, 0x0000000800000000)
  region size 1024K, 13 young (13312K), 0 survivors (0K)
 Metaspace       used 1747K, committed 1856K, reserved 1056768K
  class space    used 186K, committed 256K, reserved 1048576K
}
Event: 0.560 GC heap after
{Heap after GC invocations=1 (full 0):
 garbage-first heap   total 133120K, used 2929K [0x0000000780000000, 0x0000000800000000)
  region size 1024K, 2 young (2048K), 2 survivors (2048K)
 Metaspace       used 1747K, committed 1856K, reserved 1056768K
  class space    used 186K, committed 256K, reserved 1048576K
}
Event: 1.876 GC heap before
{Heap before GC invocations=1 (full 0):
 garbage-first heap   total 133120K, used 24433K [0x0000000780000000, 0x0000000800000000)
  region size 1024K, 23 young (23552K), 2 survivors (2048K)
 Metaspace       used 8474K, committed 8704K, reserved 1064960K
  class space    used 1097K, committed 1216K, reserved 1048576K
}
Event: 1.883 GC heap after
{Heap after GC invocations=2 (full 0):
 garbage-first heap   total 133120K, used 6569K [0x0000000780000000, 0x0000000800000000)
  region size 1024K, 3 young (3072K), 3 survivors (3072K)
 Metaspace       used 8474K, committed 8704K, reserved 1064960K
  class space    used 1097K, committed 1216K, reserved 1048576K
}
Event: 4.481 GC heap before
{Heap before GC invocations=2 (full 0):
 garbage-first heap   total 133120K, used 49577K [0x0000000780000000, 0x0000000800000000)
  region size 1024K, 46 young (47104K), 3 survivors (3072K)
 Metaspace       used 21301K, committed 21504K, reserved 1073152K
  class space    used 2952K, committed 3072K, reserved 1048576K
}
Event: 4.500 GC heap after
{Heap after GC invocations=3 (full 0):
 garbage-first heap   total 133120K, used 9867K [0x0000000780000000, 0x0000000800000000)
  region size 1024K, 6 young (6144K), 6 survivors (6144K)
 Metaspace       used 21301K, committed 21504K, reserved 1073152K
  class space    used 2952K, committed 3072K, reserved 1048576K
}
Event: 5.601 GC heap before
{Heap before GC invocations=4 (full 0):
 garbage-first heap   total 40960K, used 28299K [0x0000000780000000, 0x0000000800000000)
  region size 1024K, 24 young (24576K), 6 survivors (6144K)
 Metaspace       used 22000K, committed 22272K, reserved 1073152K
  class space    used 3051K, committed 3200K, reserved 1048576K
}
Event: 5.611 GC heap after
{Heap after GC invocations=5 (full 0):
 garbage-first heap   total 40960K, used 10764K [0x0000000780000000, 0x0000000800000000)
  region size 1024K, 1 young (1024K), 1 survivors (1024K)
 Metaspace       used 22000K, committed 22272K, reserved 1073152K
  class space    used 3051K, committed 3200K, reserved 1048576K
}
Event: 5.628 GC heap before
{Heap before GC invocations=5 (full 0):
 garbage-first heap   total 40960K, used 11788K [0x0000000780000000, 0x0000000800000000)
  region size 1024K, 2 young (2048K), 1 survivors (1024K)
 Metaspace       used 22019K, committed 22272K, reserved 1073152K
  class space    used 3052K, committed 3200K, reserved 1048576K
}
Event: 5.641 GC heap after
{Heap after GC invocations=6 (full 0):
 garbage-first heap   total 40960K, used 10746K [0x0000000780000000, 0x0000000800000000)
  region size 1024K, 1 young (1024K), 1 survivors (1024K)
 Metaspace       used 22019K, committed 22272K, reserved 1073152K
  class space    used 3052K, committed 3200K, reserved 1048576K
}
Event: 6.690 GC heap before
{Heap before GC invocations=6 (full 0):
 garbage-first heap   total 40960K, used 28154K [0x0000000780000000, 0x0000000800000000)
  region size 1024K, 19 young (19456K), 1 survivors (1024K)
 Metaspace       used 24940K, committed 25216K, reserved 1073152K
  class space    used 3417K, committed 3520K, reserved 1048576K
}
Event: 6.693 GC heap after
{Heap after GC invocations=7 (full 0):
 garbage-first heap   total 40960K, used 11517K [0x0000000780000000, 0x0000000800000000)
  region size 1024K, 2 young (2048K), 2 survivors (2048K)
 Metaspace       used 24940K, committed 25216K, reserved 1073152K
  class space    used 3417K, committed 3520K, reserved 1048576K
}
Event: 7.274 GC heap before
{Heap before GC invocations=7 (full 0):
 garbage-first heap   total 40960K, used 33021K [0x0000000780000000, 0x0000000800000000)
  region size 1024K, 19 young (19456K), 2 survivors (2048K)
 Metaspace       used 29651K, committed 29952K, reserved 1081344K
  class space    used 4142K, committed 4288K, reserved 1048576K
}
Event: 7.282 GC heap after
{Heap after GC invocations=8 (full 0):
 garbage-first heap   total 40960K, used 20179K [0x0000000780000000, 0x0000000800000000)
  region size 1024K, 3 young (3072K), 3 survivors (3072K)
 Metaspace       used 29651K, committed 29952K, reserved 1081344K
  class space    used 4142K, committed 4288K, reserved 1048576K
}
Event: 7.778 GC heap before
{Heap before GC invocations=8 (full 0):
 garbage-first heap   total 40960K, used 30419K [0x0000000780000000, 0x0000000800000000)
  region size 1024K, 13 young (13312K), 3 survivors (3072K)
 Metaspace       used 32188K, committed 32448K, reserved 1081344K
  class space    used 4598K, committed 4736K, reserved 1048576K
}
Event: 7.784 GC heap after
{Heap after GC invocations=9 (full 0):
 garbage-first heap   total 40960K, used 21245K [0x0000000780000000, 0x0000000800000000)
  region size 1024K, 1 young (1024K), 1 survivors (1024K)
 Metaspace       used 32188K, committed 32448K, reserved 1081344K
  class space    used 4598K, committed 4736K, reserved 1048576K
}

