# JRE version: Java(TM) SE Runtime Environment (17.0.7+8) (build 17.0.7+8-LTS-224)
# Java VM: Java HotSpot(TM) 64-Bit Server VM (17.0.7+8-LTS-224, mixed mode, sharing, tiered, compressed oops, compressed class ptrs, g1 gc, bsd-amd64)
GC Precious Log:
 CPUs: 4 total, 4 available
 Memory: 8192M
 Large Page Support: Disabled
 NUMA Support: Disabled
 Compressed Oops: Enabled (Zero based)
 Heap Region Size: 1M
 Heap Min Capacity: 8M
 Heap Initial Capacity: 128M
 Heap Max Capacity: 2G
 Pre-touch: Disabled
 Parallel Workers: 4
 Concurrent Workers: 1
 Concurrent Refinement Workers: 4
 Periodic GC: Disabled
Heap:
 garbage-first heap   total 40960K, used 23178K [0x0000000780000000, 0x0000000800000000)
  region size 1024K, 9 young (9216K), 2 survivors (2048K)
 Metaspace       used 37295K, committed 37632K, reserved 1089536K
  class space    used 5228K, committed 5376K, reserved 1048576K
GC Heap History (16 events):
Event: 0.602 GC heap before
{Heap before GC invocations=0 (full 0):
 garbage-first heap   total 133120K, used 14292K [0x0000000780000000, 0x0000000800000000)
  region size 1024K, 13 young (13312K), 0 survivors (0K)
 Metaspace       used 1786K, committed 1920K, reserved 1056768K
  class space    used 192K, committed 256K, reserved 1048576K
}
Event: 0.606 GC heap after
{Heap after GC invocations=1 (full 0):
 garbage-first heap   total 133120K, used 2904K [0x0000000780000000, 0x0000000800000000)
  region size 1024K, 2 young (2048K), 2 survivors (2048K)
 Metaspace       used 1786K, committed 1920K, reserved 1056768K
  class space    used 192K, committed 256K, reserved 1048576K
}
Event: 2.587 GC heap before
{Heap before GC invocations=1 (full 0):
 garbage-first heap   total 133120K, used 24408K [0x0000000780000000, 0x0000000800000000)
  region size 1024K, 23 young (23552K), 2 survivors (2048K)
 Metaspace       used 8534K, committed 8704K, reserved 1064960K
  class space    used 1108K, committed 1216K, reserved 1048576K
}
Event: 2.593 GC heap after
{Heap after GC invocations=2 (full 0):
 garbage-first heap   total 133120K, used 6805K [0x0000000780000000, 0x0000000800000000)
  region size 1024K, 3 young (3072K), 3 survivors (3072K)
 Metaspace       used 8534K, committed 8704K, reserved 1064960K
  class space    used 1108K, committed 1216K, reserved 1048576K
}
Event: 6.366 GC heap before
{Heap before GC invocations=2 (full 0):
 garbage-first heap   total 133120K, used 38549K [0x0000000780000000, 0x0000000800000000)
  region size 1024K, 35 young (35840K), 3 survivors (3072K)
 Metaspace       used 21274K, committed 21504K, reserved 1073152K
  class space    used 2814K, committed 2944K, reserved 1048576K
}
Event: 6.381 GC heap after
{Heap after GC invocations=3 (full 0):
 garbage-first heap   total 133120K, used 10010K [0x0000000780000000, 0x0000000800000000)
  region size 1024K, 6 young (6144K), 6 survivors (6144K)
 Metaspace       used 21274K, committed 21504K, reserved 1073152K
  class space    used 2814K, committed 2944K, reserved 1048576K
}
Event: 7.328 GC heap before
{Heap before GC invocations=4 (full 0):
 garbage-first heap   total 40960K, used 30490K [0x0000000780000000, 0x0000000800000000)
  region size 1024K, 27 young (27648K), 6 survivors (6144K)
 Metaspace       used 25511K, committed 25728K, reserved 1073152K
  class space    used 3467K, committed 3584K, reserved 1048576K
}
Event: 7.341 GC heap after
{Heap after GC invocations=5 (full 0):
 garbage-first heap   total 40960K, used 11450K [0x0000000780000000, 0x0000000800000000)
  region size 1024K, 5 young (5120K), 5 survivors (5120K)
 Metaspace       used 25511K, committed 25728K, reserved 1073152K
  class space    used 3467K, committed 3584K, reserved 1048576K
}
Event: 7.655 GC heap before
{Heap before GC invocations=5 (full 0):
 garbage-first heap   total 40960K, used 28858K [0x0000000780000000, 0x0000000800000000)
  region size 1024K, 22 young (22528K), 5 survivors (5120K)
 Metaspace       used 26740K, committed 27072K, reserved 1073152K
  class space    used 3614K, committed 3776K, reserved 1048576K
}
Event: 7.663 GC heap after
{Heap after GC invocations=6 (full 0):
 garbage-first heap   total 40960K, used 12002K [0x0000000780000000, 0x0000000800000000)
  region size 1024K, 2 young (2048K), 2 survivors (2048K)
 Metaspace       used 26740K, committed 27072K, reserved 1073152K
  class space    used 3614K, committed 3776K, reserved 1048576K
}
Event: 13.770 GC heap before
{Heap before GC invocations=6 (full 0):
 garbage-first heap   total 40960K, used 28386K [0x0000000780000000, 0x0000000800000000)
  region size 1024K, 19 young (19456K), 2 survivors (2048K)
 Metaspace       used 31087K, committed 31360K, reserved 1081344K
  class space    used 4184K, committed 4288K, reserved 1048576K
}
Event: 13.774 GC heap after
{Heap after GC invocations=7 (full 0):
 garbage-first heap   total 40960K, used 12629K [0x0000000780000000, 0x0000000800000000)
  region size 1024K, 3 young (3072K), 3 survivors (3072K)
 Metaspace       used 31087K, committed 31360K, reserved 1081344K
  class space    used 4184K, committed 4288K, reserved 1048576K
}
Event: 14.479 GC heap before
{Heap before GC invocations=7 (full 0):
 garbage-first heap   total 40960K, used 29013K [0x0000000780000000, 0x0000000800000000)
  region size 1024K, 19 young (19456K), 3 survivors (3072K)
 Metaspace       used 34736K, committed 34944K, reserved 1081344K
  class space    used 4824K, committed 4928K, reserved 1048576K
}
Event: 14.486 GC heap after
{Heap after GC invocations=8 (full 0):
 garbage-first heap   total 40960K, used 14764K [0x0000000780000000, 0x0000000800000000)
  region size 1024K, 3 young (3072K), 3 survivors (3072K)
 Metaspace       used 34736K, committed 34944K, reserved 1081344K
  class space    used 4824K, committed 4928K, reserved 1048576K
}
Event: 14.897 GC heap before
{Heap before GC invocations=8 (full 0):
 garbage-first heap   total 40960K, used 18860K [0x0000000780000000, 0x0000000800000000)
  region size 1024K, 8 young (8192K), 3 survivors (3072K)
 Metaspace       used 35863K, committed 36160K, reserved 1081344K
  class space    used 5023K, committed 5184K, reserved 1048576K
}
Event: 14.905 GC heap after
{Heap after GC invocations=9 (full 0):
 garbage-first heap   total 40960K, used 16010K [0x0000000780000000, 0x0000000800000000)
  region size 1024K, 2 young (2048K), 2 survivors (2048K)
 Metaspace       used 35863K, committed 36160K, reserved 1081344K
  class space    used 5023K, committed 5184K, reserved 1048576K
}

