# JRE version: Java(TM) SE Runtime Environment (17.0.7+8) (build 17.0.7+8-LTS-224)
# Java VM: Java HotSpot(TM) 64-Bit Server VM (17.0.7+8-LTS-224, mixed mode, sharing, tiered, compressed oops, compressed class ptrs, g1 gc, bsd-amd64)
GC Precious Log:
 CPUs: 4 total, 4 available
 Memory: 8192M
 Large Page Support: Disabled
 NUMA Support: Disabled
 Compressed Oops: Enabled (Zero based)
 Heap Region Size: 1M
 Heap Min Capacity: 8M
 Heap Initial Capacity: 128M
 Heap Max Capacity: 2G
 Pre-touch: Disabled
 Parallel Workers: 4
 Concurrent Workers: 1
 Concurrent Refinement Workers: 4
 Periodic GC: Disabled
Heap:
 garbage-first heap   total 67584K, used 34499K [0x0000000780000000, 0x0000000800000000)
  region size 1024K, 14 young (14336K), 1 survivors (1024K)
 Metaspace       used 38959K, committed 39296K, reserved 1089536K
  class space    used 5509K, committed 5696K, reserved 1048576K
GC Heap History (20 events):
Event: 1.957 GC heap before
{Heap before GC invocations=1 (full 0):
 garbage-first heap   total 133120K, used 25449K [0x0000000780000000, 0x0000000800000000)
  region size 1024K, 24 young (24576K), 2 survivors (2048K)
 Metaspace       used 8792K, committed 8960K, reserved 1064960K
  class space    used 1143K, committed 1216K, reserved 1048576K
}
Event: 1.962 GC heap after
{Heap after GC invocations=2 (full 0):
 garbage-first heap   total 133120K, used 6643K [0x0000000780000000, 0x0000000800000000)
  region size 1024K, 3 young (3072K), 3 survivors (3072K)
 Metaspace       used 8792K, committed 8960K, reserved 1064960K
  class space    used 1143K, committed 1216K, reserved 1048576K
}
Event: 3.773 GC heap before
{Heap before GC invocations=2 (full 0):
 garbage-first heap   total 133120K, used 49651K [0x0000000780000000, 0x0000000800000000)
  region size 1024K, 46 young (47104K), 3 survivors (3072K)
 Metaspace       used 21269K, committed 21504K, reserved 1073152K
  class space    used 2950K, committed 3072K, reserved 1048576K
}
Event: 3.782 GC heap after
{Heap after GC invocations=3 (full 0):
 garbage-first heap   total 133120K, used 10015K [0x0000000780000000, 0x0000000800000000)
  region size 1024K, 6 young (6144K), 6 survivors (6144K)
 Metaspace       used 21269K, committed 21504K, reserved 1073152K
  class space    used 2950K, committed 3072K, reserved 1048576K
}
Event: 4.129 GC heap before
{Heap before GC invocations=4 (full 0):
 garbage-first heap   total 40960K, used 28447K [0x0000000780000000, 0x0000000800000000)
  region size 1024K, 24 young (24576K), 6 survivors (6144K)
 Metaspace       used 21978K, committed 22208K, reserved 1073152K
  class space    used 3038K, committed 3136K, reserved 1048576K
}
Event: 4.137 GC heap after
{Heap after GC invocations=5 (full 0):
 garbage-first heap   total 40960K, used 10795K [0x0000000780000000, 0x0000000800000000)
  region size 1024K, 1 young (1024K), 1 survivors (1024K)
 Metaspace       used 21978K, committed 22208K, reserved 1073152K
  class space    used 3038K, committed 3136K, reserved 1048576K
}
Event: 4.150 GC heap before
{Heap before GC invocations=5 (full 0):
 garbage-first heap   total 40960K, used 11819K [0x0000000780000000, 0x0000000800000000)
  region size 1024K, 2 young (2048K), 1 survivors (1024K)
 Metaspace       used 22006K, committed 22208K, reserved 1073152K
  class space    used 3040K, committed 3136K, reserved 1048576K
}
Event: 4.152 GC heap after
{Heap after GC invocations=6 (full 0):
 garbage-first heap   total 40960K, used 10658K [0x0000000780000000, 0x0000000800000000)
  region size 1024K, 1 young (1024K), 1 survivors (1024K)
 Metaspace       used 22006K, committed 22208K, reserved 1073152K
  class space    used 3040K, committed 3136K, reserved 1048576K
}
Event: 4.728 GC heap before
{Heap before GC invocations=6 (full 0):
 garbage-first heap   total 40960K, used 28066K [0x0000000780000000, 0x0000000800000000)
  region size 1024K, 19 young (19456K), 1 survivors (1024K)
 Metaspace       used 24934K, committed 25152K, reserved 1073152K
  class space    used 3406K, committed 3520K, reserved 1048576K
}
Event: 4.732 GC heap after
{Heap after GC invocations=7 (full 0):
 garbage-first heap   total 40960K, used 11493K [0x0000000780000000, 0x0000000800000000)
  region size 1024K, 2 young (2048K), 2 survivors (2048K)
 Metaspace       used 24934K, committed 25152K, reserved 1073152K
  class space    used 3406K, committed 3520K, reserved 1048576K
}
Event: 5.431 GC heap before
{Heap before GC invocations=7 (full 0):
 garbage-first heap   total 40960K, used 28901K [0x0000000780000000, 0x0000000800000000)
  region size 1024K, 20 young (20480K), 2 survivors (2048K)
 Metaspace       used 30281K, committed 30464K, reserved 1081344K
  class space    used 4192K, committed 4288K, reserved 1048576K
}
Event: 5.436 GC heap after
{Heap after GC invocations=8 (full 0):
 garbage-first heap   total 40960K, used 13924K [0x0000000780000000, 0x0000000800000000)
  region size 1024K, 3 young (3072K), 3 survivors (3072K)
 Metaspace       used 30281K, committed 30464K, reserved 1081344K
  class space    used 4192K, committed 4288K, reserved 1048576K
}
Event: 6.261 GC heap before
{Heap before GC invocations=8 (full 0):
 garbage-first heap   total 40960K, used 29284K [0x0000000780000000, 0x0000000800000000)
  region size 1024K, 18 young (18432K), 3 survivors (3072K)
 Metaspace       used 34245K, committed 34624K, reserved 1081344K
  class space    used 4856K, committed 5056K, reserved 1048576K
}
Event: 6.268 GC heap after
{Heap after GC invocations=9 (full 0):
 garbage-first heap   total 40960K, used 15209K [0x0000000780000000, 0x0000000800000000)
  region size 1024K, 2 young (2048K), 2 survivors (2048K)
 Metaspace       used 34245K, committed 34624K, reserved 1081344K
  class space    used 4856K, committed 5056K, reserved 1048576K
}
Event: 6.470 GC heap before
{Heap before GC invocations=9 (full 0):
 garbage-first heap   total 40960K, used 21353K [0x0000000780000000, 0x0000000800000000)
  region size 1024K, 9 young (9216K), 2 survivors (2048K)
 Metaspace       used 35686K, committed 35968K, reserved 1081344K
  class space    used 5121K, committed 5248K, reserved 1048576K
}
Event: 6.474 GC heap after
{Heap after GC invocations=10 (full 0):
 garbage-first heap   total 40960K, used 15771K [0x0000000780000000, 0x0000000800000000)
  region size 1024K, 2 young (2048K), 2 survivors (2048K)
 Metaspace       used 35686K, committed 35968K, reserved 1081344K
  class space    used 5121K, committed 5248K, reserved 1048576K
}
Event: 7.140 GC heap before
{Heap before GC invocations=11 (full 0):
 garbage-first heap   total 40960K, used 29083K [0x0000000780000000, 0x0000000800000000)
  region size 1024K, 16 young (16384K), 2 survivors (2048K)
 Metaspace       used 37183K, committed 37504K, reserved 1081344K
  class space    used 5371K, committed 5504K, reserved 1048576K
}
Event: 7.147 GC heap after
{Heap after GC invocations=12 (full 0):
 garbage-first heap   total 40960K, used 19321K [0x0000000780000000, 0x0000000800000000)
  region size 1024K, 2 young (2048K), 2 survivors (2048K)
 Metaspace       used 37183K, committed 37504K, reserved 1081344K
  class space    used 5371K, committed 5504K, reserved 1048576K
}
Event: 7.184 GC heap before
{Heap before GC invocations=12 (full 0):
 garbage-first heap   total 40960K, used 19321K [0x0000000780000000, 0x0000000800000000)
  region size 1024K, 4 young (4096K), 2 survivors (2048K)
 Metaspace       used 37536K, committed 37888K, reserved 1081344K
  class space    used 5402K, committed 5568K, reserved 1048576K
}
Event: 7.188 GC heap after
{Heap after GC invocations=13 (full 0):
 garbage-first heap   total 67584K, used 20163K [0x0000000780000000, 0x0000000800000000)
  region size 1024K, 1 young (1024K), 1 survivors (1024K)
 Metaspace       used 37536K, committed 37888K, reserved 1081344K
  class space    used 5402K, committed 5568K, reserved 1048576K
}

